# center x,y,z (Mpc/h), volume (normalized), radius (Mpc/h), redshift, volume (Mpc/h^3), void ID, density contrast
-19504.68 -21920.57 716.27 5.72 10.70 0.09790 5135.79 25461 290.010681
-11166.03 22743.93 14712.78 2.13 7.70 0.09773 1908.88 33081 23.734350
-16303.44 -7058.21 211.17 0.89 5.75 0.05926 797.62 8159 5.007716
-13383.73 -9648.02 105.93 2.05 7.60 0.05503 1842.14 2744 3.795381
-24624.09 -13622.07 7654.82 0.72 5.38 0.09728 650.52 61065 3.773401
-26957.69 -7012.92 4280.98 6.85 11.37 0.09401 6149.90 42574 3.516092
-6869.36 8812.40 11104.27 1.53 6.90 0.05255 1376.72 18851 3.180437
-10480.55 4261.53 21550.41 1.60 7.00 0.08119 1439.57 5665 3.132986
-8136.89 -25111.91 12199.43 3.00 8.63 0.09700 2692.82 41218 3.103101
-16671.16 2352.38 4038.49 43.56 21.05 0.05775 39097.86 41813 2.874836
-7468.96 -8532.75 13435.58 0.84 5.64 0.05865 750.31 38024 2.802406
-18402.22 7308.59 8212.62 69.93 24.65 0.07150 62769.70 60451 2.758942
-19460.72 -3331.89 10570.60 54.47 22.68 0.07470 48890.71 59767 2.675263
-15095.28 14190.19 1203.42 1.49 6.84 0.06922 1338.31 20070 2.501205
-17916.64 -5050.60 383.74 1.30 6.53 0.06211 1167.73 10155 2.483688
-15322.78 15511.55 1371.47 4.15 9.62 0.07287 3727.28 19514 2.482617
-21524.31 19823.80 1138.39 1.99 7.53 0.09768 1788.82 19193 2.475820
-17548.63 -15707.36 17088.61 1.49 6.84 0.09706 1340.98 45625 2.364891
-8227.34 703.20 13237.01 2.37 7.98 0.05204 2129.10 40170 2.346233
-5931.35 12181.68 11412.52 0.78 5.51 0.05909 702.52 7099 2.315077
-7408.55 -25295.21 12302.43 0.60 5.05 0.09703 541.06 45063 2.256468
-9895.86 19256.51 17991.87 2.08 7.64 0.09390 1867.72 7479 2.253184
-5734.85 -13294.50 7317.93 7.22 11.57 0.05411 6481.60 46665 2.218546
-8464.36 -9818.81 14791.99 12.70 13.96 0.06561 11395.30 40627 2.213017
-16160.89 -14586.79 6929.30 63.26 23.84 0.07621 56784.62 60459 2.183761
-19324.72 -5766.91 546.12 0.81 5.57 0.06729 723.02 10409 2.156812
-14843.83 22114.77 6798.61 9.55 12.69 0.09169 8568.30 59701 2.141214
-9942.09 -839.12 20098.83 4.16 9.62 0.07485 3732.22 37356 2.139406
-27570.13 -8368.62 605.72 2.54 8.16 0.09613 2277.86 1103 2.137429
-7921.62 14960.16 13876.06 2.47 8.09 0.07301 2217.72 7098 2.095291
-11662.80 -11616.02 20602.78 10.69 13.18 0.08796 9599.87 40743 2.055616
-12879.38 -10494.77 -297.17 0.62 5.10 0.05543 554.82 1447 2.050304
-18617.07 -1695.76 2587.05 9.53 12.69 0.06295 8554.64 23394 2.041709
-9042.50 9972.63 20220.21 11.97 13.69 0.08103 10746.28 39261 2.022009
-8362.07 5739.97 19359.51 1.52 6.88 0.07290 1362.29 8419 2.008742
-17699.39 -9064.27 651.03 0.65 5.19 0.06637 586.81 9122 2.005445
-19250.35 20693.79 1750.96 0.84 5.64 0.09446 751.39 20064 2.000397
-27536.10 1880.65 -563.50 0.60 5.06 0.09208 542.96 5258 1.975033
-19253.05 -11771.70 4205.40 2.74 8.38 0.07657 2463.55 42748 1.938838
-13183.17 18346.27 18524.58 0.61 5.09 0.09745 551.65 33574 1.929079
-20922.54 -13942.80 22.78 1.19 6.34 0.08387 1066.77 1689 1.924499
-9143.67 7313.13 16384.76 6.36 11.09 0.06717 5713.26 6502 1.912500
-27427.20 -3319.69 5224.49 8.55 12.24 0.09379 7676.08 43815 1.896665
-16000.68 -16207.93 3227.82 4.91 10.17 0.07673 4406.19 44164 1.881999
-17313.33 -16058.77 111.79 2.43 8.05 0.07877 2181.55 2068 1.877768
-24947.96 -14037.29 415.87 3.01 8.64 0.09550 2704.70 9123 1.836429
-26817.81 3374.29 2780.50 0.59 5.02 0.09064 530.66 20365 1.822105
-22059.89 -17694.59 881.33 1.07 6.13 0.09438 964.36 9478 1.816173
-11358.78 -3714.41 12710.92 1.53 6.89 0.05820 1372.90 40339 1.772908
-25269.43 31.25 8896.65 47.92 21.74 0.08936 43010.89 61559 1.768785
-11979.39 -14474.94 12284.62 2.77 8.40 0.07488 2483.80 46104 1.759333
-4672.53 -12876.90 11674.15 1.28 6.49 0.06004 1146.40 25787 1.757276
-16290.60 -19595.00 6125.27 38.35 20.18 0.08742 34425.26 60134 1.753368
-6963.32 -17251.96 8931.60 7.78 11.86 0.06884 6980.19 45902 1.748388
-10554.14 -5444.05 10885.86 2.66 8.29 0.05374 2386.66 41415 1.727409
-11844.99 -23621.49 10273.79 1.11 6.20 0.09457 998.46 48157 1.688244
-14341.09 -11842.39 5738.28 19.84 16.20 0.06492 17806.89 60202 1.661686
-10016.30 11049.03 1636.96 1.35 6.62 0.05004 1215.14 37306 1.652974
-9130.65 -11808.72 15700.27 1.97 7.50 0.07226 1767.06 40479 1.651233
-6195.04 8167.96 13216.43 1.29 6.51 0.05579 1154.12 7383 1.643291
-22133.68 1524.75 2476.78 2.38 7.99 0.07446 2138.65 42303 1.636891
-10209.43 -1309.44 18676.17 5.02 10.25 0.07113 4506.64 36764 1.628267
-24068.30 5262.08 3394.78 1.80 7.28 0.08296 1615.52 37058 1.602549
-23623.43 6417.07 3042.35 0.85 5.66 0.08228 761.11 36460 1.579652
-10661.48 -23439.30 6369.58 1.04 6.06 0.08848 931.06 57432 1.558317
-12728.79 13876.24 18462.33 1.51 6.87 0.08796 1357.53 34766 1.538264
-15962.16 -8039.88 15713.52 12.60 13.93 0.07938 11310.73 41304 1.533095
-8769.71 11385.14 7110.78 1.98 7.51 0.05348 1776.13 39889 1.524000
-20605.06 4367.14 2894.26 1.57 6.95 0.07092 1406.46 37131 1.519696
-5949.75 9769.28 11856.23 2.94 8.57 0.05495 2639.30 49883 1.514015
-21600.14 -2413.17 1269.14 7.52 11.72 0.07262 6748.10 21377 1.512419
-20106.47 3606.11 8178.23 27.59 18.08 0.07340 24762.94 60158 1.505462
-15327.52 1779.75 6313.29 20.98 16.50 0.05561 18831.77 59918 1.499744
-13816.25 4214.79 14129.29 36.87 19.92 0.06740 33091.80 41625 1.492046
-7240.81 12135.39 8377.29 2.45 8.06 0.05480 2195.89 32971 1.474735
-17852.64 -18136.05 307.48 2.86 8.49 0.08489 2564.58 876 1.473767
-20924.12 1970.28 10871.87 29.78 18.55 0.07893 26726.88 60583 1.470214
-11672.47 -17377.62 6282.34 2.25 7.84 0.07290 2017.89 58170 1.469523
-9576.00 16990.03 13190.33 0.89 5.75 0.07854 795.29 33144 1.468652
-18247.62 -14909.19 4941.76 4.49 9.87 0.08031 4032.11 46707 1.460669
-17929.12 -3717.01 7867.63 35.57 19.68 0.06648 31926.92 60534 1.459173
-9988.34 -11294.26 16581.70 1.13 6.23 0.07476 1011.22 37806 1.455375
-7631.19 12185.48 16498.64 4.85 10.13 0.07300 4357.86 49824 1.433101
-18604.74 16166.37 2927.25 3.88 9.40 0.08279 3483.35 38758 1.416891
-13918.94 -17172.29 5494.30 18.39 15.80 0.07598 16507.62 60153 1.411119
-10597.51 3914.80 20830.81 0.73 5.40 0.07905 658.55 5599 1.396753
-20106.74 82.57 10415.50 16.79 15.32 0.07553 15069.63 59684 1.388740
-23523.71 -11408.75 6676.42 7.42 11.67 0.09001 6664.72 54055 1.386498
-6464.81 -12027.82 11210.76 4.84 10.12 0.05893 4342.17 37936 1.382342
-16951.25 603.54 8807.51 71.73 24.86 0.06375 64389.88 59651 1.381564
-23918.49 -9017.24 7554.77 23.73 17.20 0.08891 21301.95 61673 1.375824
-22662.01 17509.75 1941.45 4.72 10.04 0.09575 4233.84 20076 1.374391
-12347.25 10186.32 858.24 0.85 5.67 0.05347 762.97 19405 1.354792
-28375.92 5421.36 3206.59 1.93 7.46 0.09696 1735.77 36838 1.349556
-13026.90 5556.40 16312.19 50.06 22.05 0.07206 44930.41 35221 1.349072
-10260.87 -8483.93 15473.25 1.21 6.38 0.06809 1088.14 37634 1.339066
-9387.24 -15665.56 14664.67 0.74 5.40 0.07813 660.89 45242 1.334500
-14270.00 -6668.76 15775.30 3.19 8.81 0.07436 2863.80 40933 1.329105
-20430.54 -2908.92 18195.63 1.85 7.35 0.09177 1662.26 54192 1.328612
-11796.07 4738.70 11511.97 10.08 12.93 0.05721 9047.80 41589 1.325660
-9184.37 16566.87 11988.92 1.50 6.86 0.07478 1350.04 33094 1.325230
-13354.53 -14081.58 3219.58 9.62 12.73 0.06562 8633.68 43741 1.323066
-5619.76 -13238.89 6398.48 0.95 5.88 0.05251 852.59 47715 1.321647
-21997.00 17455.12 3839.31 2.29 7.89 0.09454 2059.17 37256 1.318775
-22023.88 -4590.89 12851.91 13.70 14.32 0.08642 12298.48 59407 1.314282
-20135.17 -6814.08 322.09 0.62 5.10 0.07091 555.51 1108 1.311091
-20320.65 -14973.23 522.14 1.20 6.36 0.08421 1075.57 9129 1.307443
-9330.68 -19138.11 5177.27 1.89 7.40 0.07309 1695.78 58128 1.298192
-11676.05 -1536.79 25437.25 4.59 9.94 0.09350 4115.96 37357 1.290267
-25611.69 7555.12 3167.65 7.91 11.92 0.08970 7100.05 36261 1.288021
-17981.06 353.76 5520.80 17.48 15.53 0.06275 15688.90 39849 1.283643
-18480.27 5056.58 11177.90 5.98 10.86 0.07399 5369.44 59556 1.283633
-17427.25 5845.35 13294.87 40.68 20.58 0.07567 36514.95 54127 1.283074
-14901.16 20824.27 10251.42 0.77 5.50 0.09200 695.04 54714 1.277382
-21735.18 -7851.37 6572.53 7.36 11.64 0.08014 6605.52 61579 1.275790
-23752.84 -9541.92 3553.76 0.75 5.43 0.08620 671.17 43991 1.274148
-10131.33 -7641.82 15112.87 0.60 5.04 0.06583 536.58 45381 1.271475
-16532.34 -9981.87 16950.99 9.16 12.52 0.08571 8218.88 42619 1.268009
-21503.57 1664.58 7153.96 24.02 17.27 0.07580 21560.75 60846 1.266726
-11491.11 -4050.48 14504.75 13.36 14.20 0.06319 11992.71 44894 1.262321
-11535.42 12901.91 4961.45 0.79 5.54 0.06005 710.70 59592 1.260632
-17316.20 8084.28 17766.75 10.34 13.04 0.08704 9282.14 38956 1.260101
-22465.50 -612.10 917.80 1.12 6.21 0.07503 1001.88 9276 1.257859
-14095.45 -14409.12 5840.83 5.31 10.44 0.07000 4763.18 60758 1.253971
-20779.28 -3699.84 2794.81 3.57 9.14 0.07102 3203.17 42373 1.253007
-15184.19 -1501.27 13666.57 8.82 12.36 0.06833 7917.57 42113 1.252879
-17658.15 4675.95 5955.20 3.67 9.23 0.06409 3293.68 61574 1.246532
-15153.13 -15124.16 4113.64 5.74 10.72 0.07272 5154.27 41909 1.245234
-12634.70 -12643.51 7898.80 2.54 8.17 0.06518 2281.25 57602 1.241851
-19193.95 -13189.64 10721.98 28.98 18.38 0.08552 26016.23 57952 1.238487
-15705.42 18416.79 7698.33 1.10 6.18 0.08472 990.90 59252 1.230049
-19836.48 12131.77 13830.17 16.95 15.37 0.09024 15214.45 56227 1.229403
-8076.43 -16488.39 7793.22 1.22 6.39 0.06653 1091.40 43122 1.229336
-13954.53 -17407.72 14107.45 2.65 8.28 0.08805 2376.46 45759 1.229152
-17607.34 3381.58 7183.71 14.64 14.64 0.06443 13144.62 60579 1.229029
-14932.54 -11824.43 14232.78 0.95 5.88 0.07931 852.77 45617 1.226422
-22640.10 10626.42 6759.44 42.60 20.90 0.08642 38237.72 62659 1.224624
-5315.22 -16035.20 7892.22 2.28 7.88 0.06220 2046.07 41147 1.221212
-15876.33 2300.61 11975.51 48.61 21.84 0.06678 43634.42 54124 1.218379
-21739.99 -9514.19 5761.50 5.82 10.76 0.08146 5219.65 54048 1.217881
-6604.58 -11244.06 7931.58 3.58 9.15 0.05091 3209.97 46901 1.216427
-16174.98 2421.89 20953.31 28.24 18.22 0.08866 25348.03 34203 1.214249
-22494.34 -5788.85 5515.25 9.74 12.78 0.07963 8740.78 41290 1.213544
-11349.94 -20144.81 14026.54 6.11 10.94 0.09021 5483.89 41081 1.202805
-17175.91 -14726.38 192.93 1.69 7.12 0.07547 1513.37 420 1.201720
-8492.08 -13470.40 11942.09 0.61 5.07 0.06639 547.17 46222 1.199645
-10355.15 15314.36 5240.28 4.06 9.54 0.06409 3641.96 59433 1.197072
-14260.94 15917.48 11186.55 3.64 9.21 0.08046 3268.45 39890 1.196300
-13547.14 19643.69 12101.06 15.47 14.91 0.08925 13889.84 39201 1.196268
-16270.05 5721.91 5867.52 17.85 15.64 0.06077 16026.18 60197 1.195115
-14202.70 12920.83 9013.60 1.38 6.67 0.07075 1242.00 59224 1.193819
-9939.33 -18623.54 4561.18 1.68 7.12 0.07204 1510.61 60802 1.192501
-10812.69 -7947.45 18755.24 3.92 9.44 0.07693 3518.57 37829 1.187602
-20126.92 -2081.14 16252.12 23.96 17.25 0.08657 21511.02 54334 1.183776
-21128.93 -4647.79 6101.05 10.99 13.31 0.07498 9867.07 46546 1.181826
-11066.25 3700.79 18983.82 3.25 8.86 0.07433 2914.94 17557 1.180961
-17213.42 -14557.10 9995.04 6.90 11.39 0.08226 6194.40 57601 1.176302
-23570.00 2362.95 9000.69 10.39 13.06 0.08453 9327.06 60261 1.172916
-20764.16 6595.32 14292.26 74.69 25.20 0.08691 67040.94 56903 1.172346
-17284.72 11340.16 18075.02 3.33 8.93 0.09160 2985.40 39010 1.171273
-4845.10 -12607.56 7113.20 1.28 6.50 0.05092 1151.50 44976 1.170061
-12459.98 6189.20 12702.11 4.28 9.72 0.06284 3845.30 38978 1.160375
-18776.53 -7183.74 3321.82 0.95 5.88 0.06797 851.84 44139 1.159646
-18938.19 3804.32 9729.66 12.67 13.95 0.07215 11374.07 59652 1.159249
-14596.27 3309.03 1893.72 3.45 9.05 0.05032 3100.50 37105 1.159212
-16067.16 -18650.16 10096.70 5.43 10.52 0.08875 4875.12 57280 1.158410
-20900.50 18038.80 2833.70 4.60 9.95 0.09258 4131.06 36569 1.158385
-18177.97 4949.31 16190.39 23.54 17.15 0.08286 21131.03 40018 1.158120
-5942.62 -11065.50 12849.76 4.06 9.55 0.05994 3643.18 24985 1.156940
-11240.31 10041.16 5019.89 1.13 6.24 0.05299 1017.88 59596 1.153656
-20121.18 -6322.61 8283.99 35.07 19.59 0.07558 31480.07 60571 1.149489
-9778.90 -4117.22 12298.24 19.56 16.12 0.05418 17553.15 45195 1.147688
-12037.51 -23996.53 5842.28 4.66 9.99 0.09165 4178.58 61019 1.147410
-24226.57 5824.41 6248.31 2.83 8.46 0.08569 2539.12 39820 1.147283
-15130.23 8240.86 22614.55 1.14 6.25 0.09483 1025.07 34461 1.146367
-18202.30 7694.50 14181.69 22.97 17.01 0.08114 20614.06 54858 1.142565
-25593.29 8762.41 6876.26 5.55 10.59 0.09310 4978.29 62750 1.140923
-18923.88 -18711.97 10086.34 0.72 5.35 0.09493 642.64 57438 1.140874
-18737.96 -17714.79 6519.96 20.95 16.50 0.08872 18808.56 61494 1.140236
-19879.88 -17281.84 4573.37 0.67 5.25 0.08918 604.57 43913 1.134430
-18548.83 10408.42 9097.75 8.51 12.22 0.07717 7638.10 59640 1.130410
-7415.10 13910.26 16017.53 1.28 6.49 0.07496 1146.21 7707 1.128778
-16590.05 -20195.58 8123.46 5.05 10.26 0.09129 4530.67 60173 1.127423
-14678.58 -10165.05 8203.04 3.86 9.39 0.06554 3463.42 57979 1.124509
-15506.66 -12277.43 7984.66 7.74 11.84 0.07115 6951.22 60586 1.124088
-13229.34 20034.23 6712.84 15.43 14.90 0.08315 13852.56 58827 1.122765
-21067.06 -7940.23 379.07 2.46 8.08 0.07511 2205.96 9114 1.122254
-17740.89 4974.08 19976.26 17.00 15.39 0.09065 15262.08 35753 1.121584
-23751.73 2671.71 3416.48 2.05 7.60 0.08054 1840.50 37064 1.109702
-21050.09 -5290.29 11413.70 2.08 7.64 0.08180 1865.78 59656 1.109182
-23541.40 -12119.30 -168.86 0.67 5.25 0.08832 604.71 263 1.108993
-22689.03 -6384.02 7451.17 5.92 10.83 0.08246 5315.73 61583 1.108098
-10142.38 -14164.53 11136.50 2.73 8.37 0.06897 2451.97 46666 1.107320
-13623.62 631.64 25490.24 0.66 5.20 0.09643 589.84 24395 1.106662
-10361.75 -9970.96 10126.55 0.76 5.46 0.05867 681.58 42589 1.104302
-9707.28 11722.70 23787.42 1.78 7.25 0.09420 1594.83 49900 1.102955
-18852.71 -15875.55 11383.19 1.54 6.91 0.09056 1381.09 57315 1.101315
-6876.93 -22530.77 9730.61 1.36 6.64 0.08502 1224.46 41197 1.100377
-10642.37 -425.08 15430.07 2.52 8.14 0.06254 2259.10 32918 1.098950
-17722.90 -5905.42 3431.75 2.63 8.26 0.06336 2358.89 44093 1.097725
-10524.31 -23534.14 10130.14 1.96 7.48 0.09239 1755.52 47412 1.097622
-15648.73 934.55 22930.00 3.25 8.87 0.09265 2921.08 33708 1.097113
-17124.87 -21239.28 3989.66 1.26 6.46 0.09197 1129.99 44355 1.096873
-12713.58 -10849.49 21272.99 6.29 11.05 0.09024 5648.06 40525 1.095902
-13141.00 -5654.58 24815.13 1.32 6.57 0.09554 1188.65 24404 1.095652
-13100.26 12193.73 2088.03 1.59 6.99 0.06010 1429.77 37184 1.093795
-10475.25 7658.77 17761.05 0.92 5.82 0.07337 824.97 18630 1.093491
-13732.44 17114.82 10226.60 6.71 11.29 0.08075 6023.54 54781 1.092741
-12333.10 -7990.02 12473.87 0.62 5.11 0.06430 559.14 45746 1.091043
-20636.91 2199.00 2706.91 1.69 7.13 0.06981 1519.48 37106 1.089270
-17493.88 12218.00 13928.81 3.45 9.04 0.08500 3097.48 40448 1.088720
-11177.34 -4560.95 9191.26 4.22 9.67 0.05061 3791.02 54561 1.087846
-17661.71 -79.25 13080.24 25.62 17.64 0.07331 22998.01 42814 1.086136
-10376.97 8850.68 21031.66 4.57 9.93 0.08361 4103.05 5770 1.084993
-15780.86 11242.41 7642.96 1.27 6.49 0.06948 1143.92 59634 1.084143
-8049.94 -11121.24 16650.63 1.98 7.52 0.07199 1778.44 25074 1.082151
-19507.22 960.15 8320.86 11.83 13.63 0.07081 10614.92 60573 1.081832
-13855.25 -23122.38 6193.79 2.63 8.26 0.09226 2358.76 60266 1.081663
-19714.90 -16744.79 7839.31 7.19 11.55 0.09016 6452.20 60911 1.078013
-21865.75 -8589.73 -169.48 2.05 7.61 0.07836 1843.92 8136 1.076343
-20901.45 -12912.60 622.17 1.86 7.36 0.08198 1668.47 10427 1.073555
-15469.11 12978.95 7439.33 5.37 10.48 0.07178 4816.48 59439 1.072640
-12391.56 -13772.14 13526.45 2.00 7.54 0.07652 1797.05 41378 1.071878
-17621.43 10187.54 7100.72 10.36 13.04 0.07191 9295.48 60165 1.069921
-18964.87 -9660.55 46.04 0.95 5.88 0.07099 851.38 8141 1.067485
-27199.74 -5823.49 554.59 0.72 5.36 0.09280 645.81 2730 1.066040
-10744.15 21934.99 14738.32 0.61 5.09 0.09516 550.80 33179 1.065804
-6090.41 10992.01 13339.57 0.84 5.64 0.06113 751.05 8122 1.065149
-22823.90 -7499.16 8560.36 1.41 6.70 0.08507 1261.65 60913 1.063757
-13967.92 -45.29 7145.68 4.66 9.99 0.05234 4179.70 59685 1.060928
-22553.10 8803.50 6013.64 6.03 10.89 0.08321 5413.87 39819 1.060570
-16500.74 -6195.87 17900.81 7.50 11.71 0.08380 6729.00 40873 1.059909
-15978.56 8820.70 17565.52 1.83 7.32 0.08450 1645.91 39043 1.059175
-24606.89 102.49 6502.08 34.65 19.51 0.08490 31098.60 61665 1.058902
-16684.20 1794.62 13940.93 2.55 8.17 0.07277 2287.27 43341 1.058885
-17517.60 3894.00 9062.61 0.87 5.72 0.06706 784.44 59655 1.058850
-14168.71 16467.15 2907.41 0.78 5.51 0.07311 700.40 39485 1.058430
-16377.33 -8347.21 18186.66 5.12 10.32 0.08625 4598.34 41456 1.057898
-11488.78 9547.46 24602.65 1.16 6.28 0.09601 1037.42 5891 1.056199
-16712.86 -12330.98 8915.12 2.91 8.54 0.07539 2610.33 60585 1.053875
-14855.78 -24277.38 2785.44 0.68 5.25 0.09539 605.89 28440 1.052986
-25591.59 -2158.95 4596.66 17.01 15.39 0.08703 15266.87 37302 1.052639
-8880.28 -22365.70 10308.58 3.64 9.21 0.08732 3269.77 46915 1.050561
-13458.69 -1398.61 9125.11 17.21 15.45 0.05444 15451.07 54333 1.049765
-8542.54 -13131.88 14337.75 1.31 6.54 0.07084 1174.19 37959 1.048348
-4770.48 -11926.11 12087.64 0.89 5.76 0.05883 801.67 25932 1.047213
-15509.05 14612.86 2374.24 5.99 10.87 0.07152 5373.15 37183 1.046675
-9290.47 -1852.88 16575.04 5.10 10.30 0.06368 4578.74 36780 1.045073
-12719.70 2253.17 21935.07 1.04 6.07 0.08491 936.25 23062 1.044742
-7207.08 -10771.16 12164.47 0.85 5.66 0.05929 759.40 40531 1.044319
-9419.00 15425.33 7126.53 5.71 10.70 0.06480 5124.47 39982 1.044210
-11812.56 16716.96 10758.96 4.73 10.04 0.07714 4244.80 39291 1.042850
-8661.28 -11156.54 15016.33 2.01 7.55 0.06876 1805.57 37953 1.041341
-10636.51 -12236.66 2639.09 1.45 6.77 0.05479 1298.11 42790 1.040788
-18851.04 7684.29 16723.35 6.36 11.09 0.08788 5706.85 40023 1.038842
-13912.23 2317.57 12231.97 2.00 7.54 0.06227 1797.74 42114 1.036608
-16470.65 -707.95 10833.72 22.71 16.95 0.06580 20387.18 59396 1.036264
-25949.26 9714.24 6182.57 1.18 6.32 0.09470 1055.40 39750 1.035570
-12257.62 17354.91 13071.80 5.72 10.70 0.08321 5133.50 33840 1.035481
-24311.33 -12807.64 7344.41 2.37 7.98 0.09488 2127.83 46592 1.035445
-11778.85 -21062.15 11995.67 0.82 5.61 0.08989 739.22 45591 1.034523
-11697.41 2603.71 17931.39 2.19 7.77 0.07194 1967.61 33802 1.034373
-13127.73 -4490.18 12781.42 3.76 9.30 0.06292 3370.75 41518 1.033611
-16418.64 -10994.76 9956.63 2.23 7.82 0.07381 2004.38 57599 1.033452
-20184.56 18092.35 2093.89 1.45 6.77 0.09069 1299.38 20072 1.033447
-19709.41 4186.71 12695.64 1.39 6.68 0.07944 1248.96 55826 1.032321
-17622.16 481.24 20265.11 8.05 11.99 0.08959 7225.69 40200 1.031795
-12483.37 -11682.12 19585.44 3.50 9.08 0.08672 3138.91 37801 1.030408
-19043.67 -4124.17 13388.07 15.13 14.80 0.07886 13578.20 56753 1.029346
-22995.70 -2058.14 965.40 0.63 5.12 0.07708 561.75 10145 1.027705
-14920.94 -6200.28 18150.81 8.82 12.36 0.08106 7912.98 40066 1.027277
-15277.26 -20473.93 9168.58 5.16 10.34 0.09053 4631.46 57499 1.026447
-22324.62 -2747.09 8611.90 73.59 25.08 0.08034 66053.65 60597 1.026120
-18874.67 5568.68 18023.24 11.29 13.42 0.08901 10132.67 41555 1.025624
-16175.79 -5054.56 11831.82 4.04 9.53 0.06894 3629.65 54910 1.025060
-9267.70 15554.72 6033.83 1.02 6.01 0.06366 911.26 54405 1.024778
-22963.81 -4607.45 687.56 2.61 8.24 0.07816 2341.28 9157 1.024556
-16372.66 -1423.60 19470.10 6.67 11.26 0.08499 5987.47 40973 1.024073
-11058.51 14316.87 16257.74 1.74 7.20 0.08113 1564.54 23007 1.023960
-14229.81 -21474.05 5567.45 8.74 12.33 0.08791 7845.48 61496 1.022994
-9240.02 6822.96 18483.33 1.95 7.48 0.07259 1752.05 5859 1.018123
-20181.35 10920.63 15913.45 2.27 7.87 0.09315 2038.27 54187 1.017788
-23328.12 3660.28 13296.97 18.12 15.72 0.09040 16261.51 59530 1.017135
-14157.93 -1277.59 19953.57 3.00 8.63 0.08172 2694.77 37513 1.015658
-20343.42 -12381.45 4135.49 2.01 7.55 0.08063 1800.71 42690 1.015651
-11218.66 6427.61 24272.99 0.78 5.52 0.09174 703.01 7294 1.011717
-15787.84 -456.00 5016.97 14.28 14.52 0.05528 12820.72 54066 1.011477
-19535.05 -7790.21 5775.45 1.94 7.46 0.07275 1739.61 54054 1.008589
-13861.83 -21384.39 9697.10 3.54 9.12 0.09095 3178.55 57885 1.008507
-17213.94 -17616.77 11376.52 0.75 5.43 0.09050 670.04 56485 1.007675
-13000.58 1960.36 17224.01 7.85 11.89 0.07228 7046.56 34204 1.007569
-16188.78 -5921.28 21195.21 10.21 12.98 0.09113 9167.37 44895 1.007421
-12783.50 -15394.93 7464.14 8.56 12.24 0.07124 7682.57 57959 1.007154
-10536.10 -16564.09 7341.02 1.24 6.43 0.06991 1112.12 57657 1.005074
-26253.37 10282.36 6750.92 1.10 6.19 0.09671 991.25 53926 1.004187
-24794.55 8445.65 7975.97 5.22 10.38 0.09133 4688.77 61568 1.004065
-19540.57 -2799.94 3466.56 2.48 8.10 0.06685 2222.18 37176 1.003941
-17584.03 -4922.02 10573.98 14.00 14.42 0.07038 12567.44 57345 1.003658
-20001.97 -3582.47 4388.35 0.71 5.34 0.06934 636.47 41277 1.003287
-13269.14 3315.37 6713.97 6.02 10.88 0.05082 5400.38 59245 1.002957
-21227.09 5312.62 2660.76 2.09 7.65 0.07353 1872.90 37101 1.002525
-10622.28 10475.03 24805.20 1.33 6.57 0.09655 1190.58 50657 1.001800
-14077.37 23253.09 7489.64 0.61 5.07 0.09405 545.69 58851 1.000757
-14959.89 -4837.75 23259.10 2.77 8.41 0.09365 2490.46 37608 1.000643
