# center x,y,z (Mpc/h), volume (normalized), radius (Mpc/h), redshift, volume (Mpc/h^3), void ID, density contrast
-31043.01 -30280.91 223.55 17.30 20.45 0.14466 35829.77 2158 45.121693
-20835.38 19075.35 33087.79 10.46 17.30 0.14512 21673.72 21929 44.923344
-32481.36 -18430.26 22180.54 12.37 18.29 0.14489 25617.30 59706 9.845582
-41247.23 12460.38 3853.26 1.53 9.11 0.14430 3164.60 21275 5.041078
-11345.84 -36884.34 20086.16 3.51 12.01 0.14512 7264.90 39766 4.166990
-17291.56 -38112.31 10031.71 1.45 8.96 0.14356 3012.65 60675 4.159835
-37736.72 -20112.42 5224.10 4.29 12.85 0.14370 8879.50 45129 3.825643
-18413.20 -37604.02 10768.61 1.73 9.50 0.14421 3587.38 61429 2.934844
-36463.83 -18257.76 10363.80 9.29 16.62 0.14035 19241.48 49792 2.881834
-21408.15 -4731.95 26474.36 1.07 8.08 0.11466 2209.63 35452 2.822119
-32416.32 2064.64 -863.37 1.45 8.94 0.10839 2997.52 96 2.609509
-20550.91 -34212.92 11905.61 3.21 11.66 0.13892 6646.15 60663 2.560673
-37498.76 -20006.41 7651.66 2.24 10.35 0.14405 4642.29 44332 2.519307
-13269.82 -1339.67 28099.83 1.81 9.63 0.10375 3743.78 21505 2.408430
-10949.29 -37606.23 16296.60 5.59 14.03 0.14151 11572.97 43668 2.359000
-31365.29 -19298.73 21485.61 1.65 9.35 0.14222 3423.19 59980 2.293420
-42635.80 3188.90 5947.33 1.89 9.78 0.14399 3914.84 38729 2.212780
-39167.91 -15254.44 10597.03 7.53 15.50 0.14460 15596.01 56977 2.181139
-21771.19 34703.11 9752.80 1.89 9.78 0.14047 3920.10 62414 2.165953
-14141.98 5882.81 30693.29 1.09 8.14 0.11442 2261.24 7550 2.148236
-34685.71 26163.71 1402.25 19.35 21.23 0.14500 40086.91 11260 2.143768
-17672.86 -3683.36 32789.36 27.83 23.96 0.12485 57647.47 38495 2.128069
-27236.16 -12719.81 -289.27 1.32 8.68 0.10027 2738.65 771 2.114840
-26046.32 -19303.64 26314.22 9.36 16.67 0.13928 19388.36 44030 2.077827
-38849.12 -17525.95 26.20 4.20 12.75 0.14216 8691.23 995 2.049947
-15030.94 -27357.44 7969.31 6.15 14.49 0.10746 12732.43 64994 2.000971
-28774.67 6107.48 15285.20 52.25 29.56 0.11058 108237.41 62981 1.997227
-26882.13 16008.79 18225.61 50.12 29.16 0.12078 103820.25 58152 1.977322
-19246.16 25006.84 23581.75 1.24 8.50 0.13140 2569.26 33501 1.972735
-37812.32 -18718.27 662.63 1.70 9.44 0.14075 3522.76 2771 1.934001
-27929.66 13624.40 3760.16 4.16 12.72 0.10441 8622.80 38652 1.921490
-19803.66 22286.36 12869.23 1.04 8.01 0.10832 2148.92 57344 1.916975
-20205.39 -32110.90 13948.17 1.67 9.39 0.13483 3468.26 60162 1.858982
-31173.90 29538.45 1365.54 2.40 10.58 0.14332 4967.05 19346 1.849717
-39133.05 -15366.22 8872.89 1.53 9.12 0.14333 3175.37 44412 1.844184
-18066.70 -11160.63 27709.72 3.74 12.27 0.11645 7739.57 39553 1.815614
-15656.49 5710.93 30075.30 2.97 11.37 0.11469 6157.57 20039 1.770432
-42123.34 -2221.65 7036.27 1.29 8.62 0.14265 2678.81 38914 1.705291
-22715.48 -7476.99 25493.41 4.78 13.32 0.11660 9899.13 42411 1.704605
-26479.54 -13869.63 11084.83 16.86 20.28 0.10634 34933.28 63500 1.631249
-27115.75 -23180.80 11510.80 101.73 36.92 0.12504 210728.22 63849 1.613782
-19367.87 21249.16 9100.04 3.07 11.49 0.10059 6357.18 62928 1.599543
-29129.19 -16003.89 17085.50 24.48 22.96 0.12465 50700.57 60660 1.599487
-38303.68 997.17 -800.43 1.28 8.59 0.12784 2653.46 4608 1.581017
-26358.70 -17423.44 4959.41 2.20 10.28 0.10669 4552.87 46726 1.580750
-13257.34 9478.49 31929.72 1.41 8.87 0.11958 2920.18 9428 1.573346
-36942.97 -4339.56 3974.94 7.85 15.72 0.12478 16267.62 22800 1.571496
-36705.00 21254.81 7192.68 3.09 11.52 0.14350 6409.70 41501 1.569057
-25283.94 5454.72 28387.73 48.70 28.88 0.12810 100868.47 43818 1.527384
-25671.83 11519.52 15654.38 70.33 32.64 0.10741 145680.11 57922 1.515582
-16615.41 20608.71 17378.01 4.09 12.64 0.10563 8467.04 57625 1.511096
-17701.54 -26789.05 7777.03 3.55 12.06 0.11020 7351.85 64959 1.499983
-32444.44 4329.40 13525.26 82.66 34.45 0.11814 171227.67 63414 1.498409
-21924.48 -23043.01 9738.18 2.77 11.11 0.11096 5737.81 63427 1.492056
-29588.43 672.55 10358.48 35.60 26.02 0.10459 73750.85 63915 1.486431
-23724.56 7107.97 23889.13 56.08 30.27 0.11478 116162.68 43943 1.485773
-32091.06 6431.29 18716.72 72.02 32.90 0.12576 149187.18 62708 1.475302
-38006.29 -4844.19 1992.06 5.96 14.33 0.12797 12338.82 10569 1.460582
-40537.38 64.39 13725.83 2.43 10.62 0.14276 5023.27 65124 1.459897
-20580.09 -7215.05 34530.28 7.05 15.16 0.13623 14608.84 42924 1.451498
-40136.36 -2889.69 2105.13 5.52 13.98 0.13441 11443.93 10360 1.448534
-24832.23 7481.98 19450.77 38.69 26.75 0.10814 80137.98 45913 1.444398
-20520.03 8754.06 23041.60 8.54 16.16 0.10698 17691.68 42361 1.443488
-28880.31 -28828.54 5215.19 2.73 11.05 0.13722 5655.49 47842 1.434116
-39347.51 -14924.74 7434.60 2.46 10.68 0.14255 5101.78 46588 1.432841
-28898.44 6921.25 22803.19 83.70 34.59 0.12494 173384.44 57094 1.432512
-22630.31 11395.15 21429.87 11.55 17.88 0.11069 23930.05 44182 1.432186
-23442.04 -21511.96 9930.87 8.54 16.16 0.11118 17690.81 63404 1.428161
-10737.56 -26927.69 27216.84 1.46 8.98 0.13264 3033.96 25464 1.416558
-33881.45 173.71 13416.70 65.38 31.86 0.12156 135422.26 63396 1.416403
-25799.35 -19676.75 831.94 1.07 8.09 0.10827 2220.34 10989 1.412568
-15054.37 -4197.24 27143.19 4.84 13.38 0.10448 10028.51 24470 1.400078
-10222.63 -28945.78 19920.45 2.94 11.33 0.12207 6097.74 42803 1.397921
-34044.17 16568.55 10206.78 25.35 23.23 0.13080 52504.59 66701 1.397027
-18546.34 -12305.37 29338.75 12.99 18.59 0.12284 26909.59 39407 1.393335
-39242.37 -15814.79 -152.36 1.66 9.37 0.14113 3445.97 8593 1.389889
-26156.00 2221.05 22753.75 25.15 23.17 0.11588 52085.30 57153 1.378501
-15959.70 -26150.12 21188.25 3.45 11.95 0.12425 7144.10 49218 1.376134
-30114.64 12267.92 22380.59 60.68 31.07 0.13167 125691.96 57849 1.365250
-32982.68 -6488.96 12955.83 63.25 31.51 0.12017 131022.00 63569 1.365091
-37214.38 16506.99 13267.64 2.47 10.68 0.14283 5106.57 65916 1.362290
-37216.10 13461.57 4277.21 1.92 9.82 0.13278 3970.68 38599 1.357767
-27479.67 24616.14 2697.12 3.35 11.83 0.12339 6937.64 20594 1.356315
-31028.17 -8772.93 8064.09 44.07 27.93 0.11087 91283.24 44544 1.353628
-26632.16 24099.13 18872.55 6.54 14.79 0.13534 13543.99 57842 1.346934
-14029.91 -26512.07 7464.96 1.43 8.92 0.10311 2968.09 64998 1.344612
-21207.70 -20184.88 13600.18 5.18 13.68 0.10768 10732.98 60431 1.341170
-17270.27 27065.47 8343.74 3.80 12.34 0.11065 7869.18 62415 1.340560
-28581.08 -19978.64 17453.03 17.00 20.33 0.13007 35215.46 59915 1.338231
-29810.30 -12006.15 14985.79 97.19 36.36 0.11828 201320.28 62837 1.338076
-23053.76 -24640.83 7174.64 18.86 21.05 0.11507 39057.57 49791 1.329746
-21469.52 9203.86 28799.12 40.80 27.22 0.12369 84516.06 35555 1.329255
-37901.94 -2136.97 1294.69 4.27 12.83 0.12670 8838.49 11181 1.325603
-31032.42 -22301.60 2.16 4.07 12.62 0.12747 8425.89 549 1.320265
-16547.74 -28489.73 8316.78 1.12 8.21 0.11335 2317.56 64989 1.319745
-21244.42 -21393.52 21301.68 1.86 9.73 0.12314 3856.28 48575 1.317208
-32114.88 -13157.21 8417.52 61.12 31.15 0.11912 126607.72 44413 1.315624
-37404.63 4729.42 15252.95 17.70 20.61 0.13566 36662.00 63760 1.304582
-22170.94 14474.50 14641.06 4.56 13.12 0.10092 9455.42 58150 1.303334
-23725.55 26395.47 19394.55 4.29 12.85 0.13491 8893.26 42103 1.302124
-32940.04 -19542.66 7556.12 3.28 11.75 0.13022 6791.82 44362 1.300443
-15534.54 -6118.47 25656.07 8.25 15.98 0.10211 17096.40 43073 1.297052
-26630.59 -24011.53 6188.45 7.93 15.77 0.12138 16417.00 45585 1.296936
-32333.03 -23071.55 11840.37 4.77 13.31 0.13825 9881.99 63942 1.296831
-17456.95 21246.23 13622.20 7.81 15.69 0.10236 16187.01 56793 1.292149
-12848.20 -19641.16 23497.78 15.83 19.86 0.11078 32789.90 39919 1.291531
-33659.74 -20248.88 298.88 16.85 20.27 0.13103 34896.65 1000 1.287869
-29930.19 -17976.56 15361.39 14.26 19.18 0.12723 29546.12 63905 1.281748
-29635.20 5288.96 26433.64 42.35 27.56 0.13363 87729.76 45422 1.279523
-22271.38 -16241.05 22041.63 4.67 13.22 0.11773 9682.91 45465 1.279027
-33426.44 5772.31 5077.99 5.50 13.96 0.11441 11386.84 38817 1.276803
-18583.20 30293.47 11298.94 7.24 15.30 0.12439 14995.02 58106 1.276479
-10407.98 -19863.99 20920.68 14.43 19.25 0.10230 29886.43 39921 1.275880
-21933.49 12114.39 32385.23 6.10 14.45 0.13658 12634.09 36358 1.275867
-31170.22 -19148.89 20125.09 3.02 11.43 0.13927 6252.13 60489 1.273701
-20656.95 26072.75 15965.72 4.12 12.68 0.12308 8538.50 57155 1.273470
-23149.37 -10640.76 27081.84 14.81 19.42 0.12403 30684.86 42510 1.270147
-30822.51 7187.67 3988.01 4.14 12.69 0.10641 8566.32 38605 1.266084
-31863.35 -554.19 16769.09 55.05 30.08 0.12012 114038.58 62836 1.266053
-33867.39 20125.46 9778.54 12.91 18.55 0.13540 26731.80 66330 1.258277
-39342.23 -2551.43 7047.83 16.48 20.12 0.13359 34135.70 43694 1.253121
-27489.33 -27051.14 10604.16 21.23 21.90 0.13342 43985.00 64647 1.253081
-33482.94 -1854.88 18662.63 1.35 8.75 0.12801 2802.23 62609 1.251752
-19902.57 -1112.07 31587.49 4.06 12.61 0.12459 8402.34 35305 1.249108
-29910.35 -13330.61 18657.01 19.34 21.23 0.12572 40062.28 59918 1.247442
-35659.92 17126.57 7099.29 14.57 19.32 0.13406 30186.32 40859 1.242362
-29410.07 564.50 24569.76 10.24 17.17 0.12784 21209.29 45914 1.241801
-32392.28 -18543.32 639.57 1.44 8.93 0.12452 2984.86 3052 1.241245
-23487.09 -22198.48 14447.46 2.33 10.48 0.11808 4821.52 60358 1.238444
-30438.77 -4907.17 7794.18 50.55 29.24 0.10608 104707.76 43754 1.237349
-32186.36 523.35 7621.52 5.88 14.27 0.11034 12182.06 43732 1.236195
-19828.24 29711.70 8966.59 3.28 11.75 0.12285 6801.71 62464 1.230939
-11429.76 -20170.98 25829.55 7.54 15.51 0.11577 15623.56 26838 1.230131
-38916.13 14835.33 4862.15 3.35 11.83 0.13987 6933.85 38102 1.229211
-22104.32 15022.01 17572.95 20.15 21.52 0.10669 41746.43 42136 1.229043
-28396.43 14021.96 6933.35 38.31 26.66 0.10814 79358.69 41844 1.223709
-38655.78 -10055.61 12682.63 17.33 20.46 0.13979 35899.31 65116 1.223620
-17451.53 -25329.68 19534.07 3.65 12.17 0.12154 7556.87 49848 1.222968
-29387.58 -18745.07 19229.15 3.44 11.93 0.13279 7115.29 59652 1.221279
-23824.58 -28412.03 10083.75 27.54 23.88 0.12817 57052.65 64422 1.219187
-17448.54 24672.58 28489.24 2.91 11.29 0.13853 6025.01 19876 1.218693
-10343.42 -33490.58 14159.50 2.24 10.35 0.12610 4645.93 43532 1.212369
-22633.99 22341.76 18072.60 16.54 20.15 0.12202 34265.75 42682 1.208431
-29759.69 -12463.80 20779.47 5.99 14.36 0.12801 12401.58 58921 1.208022
-26551.84 -18221.04 12308.17 18.43 20.89 0.11499 38171.97 61328 1.207374
-28143.51 -15367.15 12076.99 6.94 15.09 0.11429 14382.12 63417 1.202886
-30962.00 26906.15 1624.79 1.06 8.07 0.13693 2198.09 20704 1.202404
-38789.35 -2809.64 3247.97 5.55 14.00 0.13018 11495.00 12139 1.197494
-32878.03 -11335.20 -396.75 1.53 9.10 0.11601 3160.32 6160 1.193253
-26908.01 -20097.03 15043.20 8.54 16.17 0.12275 17698.80 60691 1.190540
-27924.57 31350.69 4672.53 1.41 8.87 0.14091 2924.99 41486 1.190282
-20972.88 10392.97 24998.18 7.41 15.42 0.11423 15352.61 37104 1.189035
-18004.15 8093.94 37118.00 1.75 9.53 0.14023 3624.55 5776 1.187334
-20260.45 -17766.95 31020.57 2.81 11.16 0.13706 5825.68 39412 1.185787
-15465.22 -29498.39 18975.19 11.06 17.62 0.12786 22903.17 48848 1.185372
-13293.46 26587.96 24837.52 2.80 11.15 0.12921 5804.68 6122 1.184700
-17649.23 -22183.83 18290.36 4.70 13.24 0.11253 9727.39 49096 1.177906
-27780.32 -345.63 13936.72 4.99 13.51 0.10368 10338.92 62911 1.176341
-14088.60 -32590.86 20676.00 6.18 14.51 0.13705 12802.98 49236 1.171884
-30378.54 -16616.17 12907.06 6.40 14.68 0.12326 13256.55 63435 1.170746
-16885.08 -35577.31 18304.07 14.54 19.30 0.14486 30114.26 49126 1.166861
-32249.77 -28369.11 -204.66 8.89 16.38 0.14327 18420.35 355 1.161789
-34150.06 -20180.47 7935.38 1.07 8.09 0.13494 2218.29 44334 1.161723
-25456.21 14051.60 29570.35 3.31 11.78 0.13833 6850.65 37778 1.158690
-30518.76 18476.59 19356.84 17.98 20.72 0.13539 37247.00 62223 1.157481
-19673.04 5086.42 24771.16 9.70 16.87 0.10687 20100.78 37008 1.156559
-37037.25 17373.76 11528.61 1.30 8.63 0.14178 2692.72 66362 1.152840
-20565.22 -28638.11 4656.77 3.86 12.41 0.11863 8001.62 46634 1.151973
-32028.76 -7520.73 18072.30 118.30 38.82 0.12521 245037.56 59916 1.151891
-39159.95 -1931.90 14802.01 18.14 20.78 0.13979 37569.55 64293 1.151402
-33108.13 8584.55 11709.78 42.00 27.49 0.12059 86996.83 64206 1.149228
-20262.71 -31767.59 9647.77 5.57 14.02 0.12974 11544.06 63678 1.148596
-13102.86 -25984.17 19287.60 2.70 11.02 0.11646 5601.46 49366 1.142963
-27586.97 1581.28 25724.69 5.03 13.55 0.12593 10421.85 45396 1.137341
-21272.55 21743.35 11113.76 2.94 11.32 0.10803 6082.02 62719 1.134793
-33048.13 7561.44 7830.74 5.47 13.93 0.11606 11322.02 43722 1.130504
-36741.02 -3617.60 6326.89 3.62 12.14 0.12494 7500.53 43695 1.129857
-20769.64 -10612.74 25413.00 4.89 13.42 0.11506 10122.80 43323 1.128976
-10499.86 -27837.63 26375.16 1.82 9.66 0.13262 3773.36 27486 1.128957
-14219.54 25386.71 19008.02 2.67 10.98 0.11593 5537.93 34711 1.122275
-18569.83 -6869.23 23339.50 35.25 25.93 0.10209 73026.40 42148 1.121242
-21716.56 -5898.14 26271.55 1.08 8.11 0.11539 2233.18 42170 1.120764
-26044.50 -24296.37 8776.95 14.41 19.24 0.12236 29847.98 64279 1.119764
-38331.62 16037.82 4727.28 3.33 11.81 0.13949 6903.79 37968 1.118114
-25503.12 -15909.46 5606.60 1.79 9.61 0.10199 3711.78 44364 1.114837
-30837.14 -22301.32 7383.80 6.53 14.78 0.12931 13535.28 45522 1.114558
-15010.40 24105.13 12188.81 7.16 15.24 0.10308 14822.90 41417 1.113589
-21308.65 -30667.10 4623.96 4.68 13.23 0.12552 9704.34 47013 1.109007
-34666.22 -5539.30 5901.76 6.06 14.42 0.11874 12561.90 46520 1.108211
-16087.29 -11342.73 31058.87 1.13 8.22 0.12266 2330.34 26440 1.106678
-21716.17 -1480.17 22650.07 8.83 16.34 0.10478 18280.66 42314 1.105052
-33399.03 -13824.22 16741.23 10.73 17.44 0.13288 22234.20 60662 1.104988
-21276.26 -18738.29 10748.49 3.48 11.98 0.10114 7201.03 61422 1.102407
-30337.31 3140.28 23219.07 2.45 10.66 0.12786 5074.48 57097 1.101455
-24404.87 -8666.77 20563.27 3.23 11.68 0.11031 6682.54 57026 1.097617
-20772.35 -23129.02 21356.38 2.00 9.96 0.12581 4133.83 48784 1.095308
-29174.77 9748.71 3486.20 1.42 8.89 0.10326 2942.66 38037 1.094449
-30770.86 -7587.64 22010.28 46.76 28.49 0.12871 96863.23 57948 1.092627
-25303.51 14110.94 11534.76 12.08 18.14 0.10402 25017.77 62965 1.090811
-28714.99 11837.78 4482.10 3.05 11.47 0.10468 6325.26 38751 1.086310
-23911.03 22967.12 10646.47 1.23 8.48 0.11615 2553.49 63038 1.086078
-19698.61 -20144.42 13090.98 2.00 9.97 0.10363 4147.74 59650 1.083475
-30821.63 1422.33 22824.18 13.52 18.84 0.12802 27999.01 57093 1.082550
-34983.25 -14289.61 10215.85 88.91 35.29 0.13058 184159.58 65033 1.081823
-26014.16 -15106.87 16269.50 4.39 12.95 0.11408 9093.59 60488 1.081643
-32012.18 16498.64 17584.35 8.01 15.82 0.13368 16581.84 62512 1.081113
-11827.85 -35453.55 17094.14 9.79 16.92 0.13709 20288.44 43660 1.079844
-34781.20 -3188.09 6426.91 5.56 14.01 0.11846 11523.79 39003 1.078546
-34194.45 303.89 6310.96 8.40 16.08 0.11599 17400.71 38954 1.077216
-27080.37 10001.01 24175.35 10.30 17.21 0.12560 21340.45 42707 1.068982
-18594.81 -909.31 30025.43 1.97 9.92 0.11784 4083.41 23992 1.067437
-22633.32 10887.47 16743.05 26.69 23.63 0.10069 55289.05 57740 1.066803
-26274.18 8427.86 26599.46 11.99 18.10 0.12784 24833.20 42313 1.066329
-31384.13 12818.69 6093.85 2.55 10.80 0.11489 5272.35 44295 1.064997
-37849.27 -16515.81 208.79 2.08 10.09 0.13775 4302.21 769 1.064721
-34523.14 3293.25 5005.63 3.33 11.81 0.11688 6904.89 45077 1.062365
-21621.23 -21194.51 10428.87 5.74 14.16 0.10682 11896.55 63455 1.060696
-34174.69 -3966.35 21170.04 1.88 9.76 0.13475 3889.70 59739 1.060689
-23535.46 -31220.69 6933.32 10.67 17.41 0.13245 22108.32 49823 1.058016
-38052.45 -4816.43 13447.03 35.26 25.93 0.13558 73042.13 65031 1.057660
-14537.41 -23631.01 26035.10 7.23 15.29 0.12691 14984.59 39879 1.056721
-24115.04 -24495.58 14455.16 4.90 13.43 0.12438 10157.37 60858 1.056624
-27874.26 3658.48 20051.93 31.36 24.94 0.11519 64948.83 57968 1.056559
-20317.11 11780.63 30869.65 12.54 18.37 0.12938 25971.65 36445 1.055412
-21379.65 -27313.65 6578.73 7.91 15.76 0.11776 16384.21 64736 1.054906
-32011.77 -10684.17 10232.09 13.19 18.69 0.11763 27329.23 65022 1.054391
-14760.35 -28351.67 22303.99 20.99 21.81 0.13001 43471.49 49667 1.054315
-25412.23 66.36 23641.03 6.88 15.04 0.11578 14253.46 44751 1.054074
-22746.42 2194.62 22790.39 10.71 17.43 0.10765 22176.07 43882 1.052371
-34355.59 177.40 22267.52 6.93 15.08 0.13657 14357.58 57924 1.051676
-32992.98 359.22 21341.80 1.25 8.53 0.13108 2598.47 59768 1.051426
-31776.59 -2273.78 6695.04 15.30 19.63 0.10859 31698.42 39001 1.050432
-12892.28 17315.95 27564.87 1.68 9.40 0.11679 3476.31 8084 1.048550
-18077.35 -21800.30 11158.48 3.92 12.46 0.10153 8112.17 60644 1.046585
-24106.05 14437.30 22537.14 24.56 22.99 0.12015 50881.94 41397 1.044220
-15778.40 -22977.10 17520.57 2.54 10.79 0.10982 5266.37 49851 1.043466
-34139.76 -914.64 5046.62 1.41 8.86 0.11516 2914.28 45147 1.042978
-37187.01 4013.07 12782.47 10.56 17.35 0.13185 21866.61 64210 1.042559
-25116.02 13010.58 18736.89 6.87 15.03 0.11317 14221.41 57136 1.041190
-32671.36 -19681.95 14274.11 1.48 9.02 0.13584 3072.61 64156 1.040653
-27437.47 -17824.07 14817.94 8.49 16.13 0.11981 17587.22 61225 1.038057
-30471.80 25355.19 2605.69 6.36 14.65 0.13251 13169.70 21356 1.035771
-27892.34 2838.76 11766.77 12.32 18.26 0.10142 25514.55 63898 1.035034
-13097.13 -34361.96 17225.33 3.00 11.40 0.13545 6206.17 43497 1.034232
-31071.71 -2377.13 21331.95 28.46 24.14 0.12597 58946.17 59054 1.034217
-26034.06 12635.53 21733.58 22.31 22.26 0.12072 46209.74 57158 1.033985
-29404.01 7524.60 12162.20 11.09 17.64 0.10907 22976.46 63759 1.030846
-25804.97 8092.21 29197.40 6.21 14.53 0.13275 12855.08 37336 1.030751
-28281.42 3139.07 16744.96 18.71 20.99 0.11013 38755.71 59912 1.030529
-27139.22 -4855.08 18075.38 100.03 36.71 0.10997 207192.57 59740 1.030351
-22371.59 -20030.85 21576.62 4.88 13.41 0.12334 10101.53 45416 1.029283
-18642.13 31550.23 13436.74 4.97 13.49 0.13020 10286.76 42039 1.024646
-24401.43 31162.29 11023.28 1.14 8.27 0.13705 2366.92 62804 1.023105
-24985.23 25289.87 2005.35 1.57 9.19 0.11877 3252.06 20524 1.020588
-28690.72 -1671.85 14439.63 3.57 12.09 0.10728 7404.62 62912 1.018734
-17577.75 30466.95 16826.42 1.53 9.11 0.13006 3165.54 37120 1.018576
-14434.16 26137.53 31563.85 34.10 25.64 0.14493 70632.19 8585 1.017219
-25085.56 -16472.02 26791.01 3.93 12.48 0.13419 8144.04 44049 1.015301
-29273.97 14004.50 9744.22 7.37 15.39 0.11302 15259.16 66649 1.011542
-26409.89 -16225.49 24850.02 1.62 9.28 0.13252 3347.65 45371 1.010513
-29292.27 12382.26 17313.16 26.20 23.49 0.12078 54262.65 62138 1.009663
-32698.07 7240.89 23170.77 5.52 13.98 0.13584 11440.38 59575 1.009523
-38081.88 -2034.58 3338.71 3.34 11.82 0.12770 6921.76 24660 1.008766
-31758.30 6771.32 6102.01 5.19 13.69 0.11021 10742.38 39037 1.008315
-10219.86 -26827.92 19373.80 7.02 15.14 0.11553 14546.96 39906 1.007700
-37009.86 -563.31 5433.73 25.92 23.40 0.12479 53692.18 40925 1.006234
-19459.20 -20576.68 10398.32 3.57 12.09 0.10063 7400.62 61232 1.005623
-22252.17 -28549.11 14946.25 8.77 16.31 0.13063 18171.20 60645 1.003699
-33554.89 -3251.43 -549.74 1.07 8.10 0.11247 2226.43 5363 1.003531
-26717.59 -20914.19 9220.02 9.84 16.95 0.11728 20388.12 64573 1.003483
-30355.31 -11915.38 11737.59 8.58 16.19 0.11561 17776.89 63397 1.003017
-33168.72 -17879.08 8559.11 4.54 13.09 0.12889 9401.76 56979 1.000679
-22137.27 31775.12 9908.99 1.94 9.87 0.13334 4022.49 62416 1.000347
