# center x,y,z (Mpc/h), volume (normalized), radius (Mpc/h), redshift, volume (Mpc/h^3), void ID, density contrast
-24776.10 9638.03 50726.31 9.15 30.82 0.19103 122589.46 2978 12.887731
-44920.72 34336.63 5223.06 9.04 30.69 0.18940 121131.50 18907 7.377832
-26853.89 22990.45 44779.94 2.28 19.41 0.19031 30611.55 12242 3.407671
-42363.22 -33959.99 402.44 2.99 21.23 0.18111 40100.02 671 2.720313
-27299.69 -1036.14 49937.92 21.15 40.75 0.18987 283415.68 19250 2.640655
-36565.94 43209.16 7251.70 5.62 26.19 0.19036 75270.85 20785 2.489274
-38002.09 -25100.91 721.60 3.34 22.02 0.15194 44717.29 669 2.262943
-51519.71 -8995.36 19424.89 2.79 20.74 0.18610 37387.06 33069 2.176163
-35364.99 -25406.77 35537.42 2.29 19.42 0.18748 30688.01 23189 2.035754
-55035.62 4312.75 7095.97 1.71 17.63 0.18566 22941.60 19308 1.984254
-49592.35 -26087.14 446.99 1.41 16.52 0.18692 18871.48 424 1.957058
-23430.38 -50174.03 12699.43 0.78 13.56 0.18951 10449.31 33671 1.955731
-18737.55 39433.21 36011.59 1.95 18.42 0.18878 26160.11 3129 1.902057
-37681.53 -2085.90 25834.33 20.25 40.16 0.15255 271362.16 30756 1.895856
-45241.39 3352.10 11476.01 14.08 35.57 0.15609 188589.86 21084 1.888321
-15733.33 -48490.70 23401.53 2.51 20.02 0.18711 33633.82 25131 1.874454
-40591.81 -9966.95 18822.40 70.47 60.86 0.15291 944123.06 32585 1.787810
-22274.68 -29327.49 43443.20 8.67 30.27 0.18997 116177.72 19943 1.758195
-50912.69 22723.77 10733.83 1.89 18.23 0.18939 25386.03 20977 1.697940
-44692.43 31167.64 11851.83 4.81 24.88 0.18600 64504.02 21189 1.684363
-25368.06 -48390.08 14609.40 1.76 17.79 0.18865 23564.19 31572 1.628753
-44618.74 16774.82 19876.65 30.84 46.21 0.17227 413219.14 32505 1.592851
-21296.58 41232.04 29186.99 0.83 13.86 0.18287 11155.71 17276 1.575507
-48851.94 -10180.32 13794.26 25.62 43.44 0.17270 343313.93 29264 1.573012
-49803.45 8217.51 16321.12 9.07 30.73 0.17696 121584.69 33064 1.568417
-42337.58 19982.50 11822.69 25.09 43.13 0.16107 336114.08 29150 1.566700
-26353.29 -6694.78 49883.03 22.10 41.35 0.18951 296123.69 12934 1.566017
-21367.35 -47026.76 21198.33 2.21 19.19 0.18624 29604.00 26236 1.560836
-26453.01 -27679.80 26671.96 1.67 17.49 0.15565 22405.59 25013 1.549948
-48804.69 -12153.30 -438.72 1.51 16.90 0.16777 20200.83 955 1.531900
-27218.09 36492.44 12941.57 8.90 30.53 0.15787 119205.40 32539 1.520454
-39182.36 -17003.29 31931.06 2.30 19.44 0.17789 30766.48 29597 1.512587
-49945.96 -24588.23 8878.49 1.39 16.43 0.18804 18562.00 23994 1.501762
-23631.90 36258.84 20422.00 3.89 23.18 0.15963 52152.24 20872 1.470020
-39480.12 -6015.58 31873.32 9.83 31.56 0.17044 131709.34 29418 1.453851
-36691.34 31963.64 23260.10 1.83 18.01 0.17991 24479.82 32107 1.445871
-52082.97 10469.01 18633.54 3.46 22.29 0.18779 46387.32 33259 1.441111
-38995.66 13052.45 22155.52 18.80 39.18 0.15581 251873.71 32230 1.431753
-44946.64 3669.90 7353.31 3.80 23.00 0.15241 50961.26 20651 1.424447
-33002.61 -16630.06 38434.08 2.73 20.59 0.17785 36588.67 22007 1.420948
-31707.63 -24998.92 21010.79 1.56 17.07 0.15183 20851.30 30902 1.397040
-41550.98 -7669.45 25542.49 17.52 38.27 0.16469 234706.88 30748 1.396701
-17527.73 -31715.00 28099.04 4.45 24.24 0.15295 59625.91 24738 1.395562
-41041.10 -16297.68 8659.61 4.52 24.36 0.15010 60583.89 22618 1.393876
-32286.53 56.77 32609.20 8.78 30.40 0.15307 117637.71 22464 1.389625
-38926.24 32619.48 12684.56 1.43 16.61 0.17461 19200.01 34110 1.388068
-47029.81 3719.02 16164.32 8.60 30.19 0.16635 115216.36 33764 1.374199
-36257.02 27972.80 13816.57 15.37 36.63 0.15955 205899.38 32602 1.363309
-35229.08 33173.35 25442.64 2.90 21.00 0.18236 38793.71 29728 1.345188
-42059.42 5729.11 33419.62 2.63 20.33 0.18021 35191.13 29420 1.344769
-37960.97 33950.62 16848.22 2.96 21.15 0.17893 39623.84 32719 1.321218
-18724.93 25763.13 41381.87 1.70 17.57 0.17418 22728.64 27181 1.319607
-49265.09 20501.82 10603.80 2.07 18.78 0.18147 27758.08 20620 1.310493
-46523.51 11340.08 6039.75 3.83 23.06 0.16099 51359.00 19338 1.300055
-21322.28 -3596.48 40073.39 7.37 28.67 0.15189 98690.45 12269 1.297316
-42825.84 -16902.18 25635.97 7.92 29.36 0.17578 106056.07 31183 1.289398
-45052.70 15496.59 6390.88 1.60 17.22 0.16034 21399.34 19373 1.286989
-31672.80 12122.69 39996.76 7.10 28.32 0.17492 95121.55 18860 1.286797
-42154.46 -28591.45 485.46 0.74 13.34 0.16991 9945.43 1106 1.277361
-27039.67 43153.03 14655.60 1.85 18.07 0.17676 24730.11 30445 1.273849
-53296.92 -8168.22 16780.93 1.45 16.69 0.18836 19468.97 33713 1.261795
-25024.30 36838.00 25022.14 2.41 19.75 0.17039 32247.00 20707 1.257298
-38064.96 -2464.76 35086.52 10.63 32.39 0.17288 142371.38 22265 1.253660
-22665.43 -47545.76 12128.53 2.28 19.39 0.18029 30557.74 33662 1.251884
-48144.13 -11697.70 8379.10 4.69 24.67 0.16761 62861.26 23831 1.251321
-46444.20 10213.33 18618.18 12.00 33.73 0.17035 160739.22 32835 1.245873
-35057.78 -30711.62 8816.50 1.47 16.74 0.15822 19637.16 23331 1.238876
-31668.98 -33986.93 17423.08 15.12 36.43 0.16550 202569.37 33079 1.238572
-46403.24 19982.88 5908.41 0.82 13.77 0.16968 10945.27 19000 1.238036
-32874.83 -9355.37 31305.85 4.55 24.41 0.15461 60933.08 22493 1.234796
-31104.20 -37889.20 8343.12 9.75 31.48 0.16587 130678.09 25658 1.233320
-22251.16 -40561.70 25119.67 3.78 22.95 0.17560 50660.49 25678 1.230924
-15899.88 30464.77 29085.07 0.81 13.75 0.15017 10877.73 3057 1.209125
-40651.97 -38232.31 8822.43 2.73 20.60 0.18846 36599.75 23244 1.204543
-41681.67 24802.58 15849.07 8.86 30.49 0.17021 118725.99 32834 1.197848
-25060.29 31188.82 28241.44 2.68 20.46 0.16336 35855.30 18796 1.192362
-25350.57 -685.49 37904.57 2.05 18.71 0.15212 27437.96 17151 1.190566
-28542.42 8262.42 33919.08 38.91 49.93 0.15042 521334.39 21441 1.176895
-42593.13 9722.42 15347.22 21.64 41.06 0.15446 289881.22 33063 1.175235
-29807.01 13980.57 31422.99 1.38 16.42 0.15181 18544.35 21435 1.171667
-28283.79 -33838.95 14544.64 3.16 21.63 0.15490 42385.41 31681 1.163145
-34134.38 -11966.70 34699.38 5.74 26.38 0.16720 76935.21 22530 1.156804
-28091.15 -40951.66 6981.24 2.59 20.24 0.16728 34737.49 24196 1.154998
-35328.32 -33056.15 6798.91 1.63 17.32 0.16297 21778.07 24080 1.150414
-42938.00 15103.42 26832.98 8.58 30.16 0.17625 114901.15 30875 1.147142
-43650.10 1481.52 20606.86 4.30 23.95 0.16109 57553.61 33062 1.136758
-25473.40 -7450.48 46579.20 6.49 27.48 0.17882 86916.12 12271 1.123270
-23728.60 30398.52 32845.84 0.96 14.55 0.16897 12913.15 17488 1.122496
-48531.72 -16576.59 16429.18 6.30 27.22 0.17963 84452.84 33711 1.120471
-32279.56 16663.87 28133.47 3.43 22.23 0.15326 46007.82 21633 1.117129
-22603.11 -3684.44 47077.45 1.24 15.82 0.17463 16572.77 10783 1.115497
-38772.33 -32304.34 12187.06 10.29 32.05 0.17318 137908.04 25635 1.114341
-42794.26 -23015.10 416.50 0.79 13.63 0.16209 10604.31 425 1.112796
-42581.14 -13555.90 7281.29 2.57 20.19 0.15103 34469.78 23777 1.107537
-35182.36 -32432.11 11548.29 9.31 30.99 0.16419 124701.16 33430 1.105849
-39715.36 7850.01 29426.63 20.39 40.25 0.16694 273124.76 29302 1.098331
-47765.50 -11096.48 19811.53 6.50 27.50 0.17642 87149.15 32898 1.096519
-45626.24 15283.13 12530.75 5.76 26.41 0.16586 77170.63 33695 1.093351
-28538.96 -7922.80 48919.30 7.73 29.13 0.19075 103545.47 12013 1.087825
-46967.24 -15399.11 8966.02 10.17 31.92 0.16756 136217.44 24171 1.082380
-18357.80 28670.76 40137.55 1.51 16.91 0.17556 20243.12 27633 1.078550
-42466.76 25717.77 10524.13 19.24 39.48 0.16928 257773.43 20798 1.076779
-33438.80 -14589.35 36362.25 4.77 24.80 0.17182 63886.45 21477 1.074682
-42867.90 30550.26 10482.67 1.50 16.88 0.17904 20146.60 21111 1.074451
-23764.47 -37493.86 9328.36 0.93 14.37 0.15131 12423.61 33455 1.072052
-40550.13 35760.79 3403.02 2.96 21.16 0.18070 39665.99 10551 1.066291
-29040.39 13310.86 39163.56 5.20 25.53 0.16858 69678.37 19679 1.063612
-51216.03 -17012.17 464.50 3.70 22.79 0.18002 49609.87 4400 1.057244
-26566.15 45628.10 14256.20 0.91 14.27 0.18242 12170.88 29427 1.057015
-26955.61 8168.44 40934.24 7.09 28.30 0.16574 94978.35 18076 1.054886
-34249.91 -3720.55 33154.50 1.80 17.92 0.15949 24086.51 23222 1.051812
-36160.78 -26234.73 19916.97 6.07 26.88 0.16316 81316.50 31679 1.049604
-43138.21 6171.06 26036.59 1.23 15.79 0.16933 16475.26 30957 1.046883
-42647.20 2118.32 26066.68 10.54 32.30 0.16687 141193.82 30752 1.046447
-32577.08 -31918.82 21003.82 2.85 20.90 0.16749 38226.29 30675 1.044070
-41109.85 22323.41 19496.65 5.70 26.32 0.16905 76363.85 32716 1.042413
-20450.88 -35558.47 34800.11 1.15 15.44 0.17943 15431.34 19886 1.042395
-39123.72 -373.47 31349.02 10.84 32.60 0.16723 145188.40 23349 1.041512
-31408.95 -35189.66 12113.62 7.10 28.32 0.16244 95176.28 33094 1.040305
-40414.18 22063.18 14113.91 2.28 19.41 0.16064 30613.88 34060 1.039154
-28228.82 3760.31 37281.07 9.13 30.80 0.15649 122337.74 18429 1.038144
-45492.68 -30353.43 10021.32 2.27 19.38 0.18546 30478.95 24180 1.037925
-19343.03 -38842.07 28936.12 13.98 35.49 0.17397 187319.19 24525 1.030894
-35377.52 8904.74 31885.32 46.21 52.87 0.16162 619184.14 22854 1.030430
-44589.36 5540.61 20343.41 11.88 33.62 0.16452 159187.20 33058 1.029450
-29942.57 -16162.29 34408.91 1.19 15.60 0.16142 15897.05 21540 1.028633
-29154.98 31487.10 14044.59 2.15 19.02 0.15061 28829.28 32329 1.026122
-45242.42 -5627.81 19586.62 9.03 30.68 0.16552 120950.53 32842 1.025509
-43914.60 9382.93 25608.05 13.96 35.48 0.17243 187041.57 32257 1.023633
-44342.87 9635.90 5123.76 0.98 14.66 0.15233 13196.32 19303 1.021788
-46247.69 3595.91 23939.26 2.73 20.60 0.17412 36606.73 32349 1.020971
-48937.89 367.73 13149.12 2.90 21.01 0.16903 38828.72 21194 1.020262
-30452.09 -19900.99 30024.10 1.55 17.03 0.15734 20702.06 24955 1.015895
-49858.74 -6695.45 16880.92 4.85 24.94 0.17700 64971.68 33750 1.015870
-14184.48 -38588.63 27672.28 4.81 24.86 0.16531 64388.03 21657 1.014360
-21261.24 -32386.07 42244.46 23.86 42.42 0.19120 319697.61 13241 1.012357
-30544.97 -35888.04 20503.88 3.77 22.94 0.17143 50556.59 31418 1.010881
-42720.15 -12384.93 11664.78 10.90 32.67 0.15338 146076.04 25595 1.009619
-50582.73 13673.38 6308.12 2.36 19.63 0.17604 31672.81 19301 1.008215
-47886.44 1873.83 9963.43 1.59 17.18 0.16327 21256.49 22616 1.007813
-40276.07 -9458.56 32910.90 1.17 15.53 0.17634 15699.80 23350 1.005044
-45645.21 -2320.21 15251.67 17.02 37.90 0.16072 228066.98 33076 1.004138
-29363.62 -41513.95 9006.89 5.15 25.45 0.17225 69038.50 25775 1.003289
